<?xml version="1.0" encoding="UTF-8"?>
<!-- Generated by org.testng.reporters.JUnitXMLReporter -->
<testsuite hostname="shiv-PC" name="Default test" tests="3" failures="0" timestamp="29 Sep 2019 13:43:04 GMT" time="59.408" errors="0">
  <testcase name="testTititle" time="0.023" classname="com.tanish.Automation"/>
  <testcase name="login" time="24.212" classname="com.tanish.Automation"/>
  <testcase name="mouseAction" time="0.174" classname="com.tanish.Automation"/>
</testsuite> <!-- Default test -->
