<?xml version="1.0" encoding="UTF-8"?>
<!-- Generated by org.testng.reporters.JUnitXMLReporter -->
<testsuite hostname="shiv-PC" name="Default test" tests="3" failures="0" timestamp="29 Sep 2019 14:19:49 GMT" time="37.999" errors="0">
  <testcase name="testTititle" time="0.025" classname="com.tanish.Automation"/>
  <testcase name="login" time="24.108" classname="com.tanish.Automation"/>
  <testcase name="mouseAction" time="0.182" classname="com.tanish.Automation"/>
</testsuite> <!-- Default test -->
