<?xml version="1.0" encoding="UTF-8"?>
<testng-results skipped="0" failed="0" total="3" passed="3">
  <reporter-output>
  </reporter-output>
  <suite name="Default suite" duration-ms="37999" started-at="2019-09-29T14:19:11Z" finished-at="2019-09-29T14:19:49Z">
    <groups>
    </groups>
    <test name="Default test" duration-ms="37999" started-at="2019-09-29T14:19:11Z" finished-at="2019-09-29T14:19:49Z">
      <class name="com.tanish.Automation">
        <test-method status="PASS" signature="browser()[pri:0, instance:com.tanish.Automation@e45eb6]" name="browser" is-config="true" duration-ms="10634" started-at="2019-09-29T19:49:11Z" finished-at="2019-09-29T19:49:22Z">
          <reporter-output>
          </reporter-output>
        </test-method> <!-- browser -->
        <test-method status="PASS" signature="testTititle()[pri:0, instance:com.tanish.Automation@e45eb6]" name="testTititle" duration-ms="25" started-at="2019-09-29T19:49:22Z" finished-at="2019-09-29T19:49:22Z">
          <reporter-output>
          </reporter-output>
        </test-method> <!-- testTititle -->
        <test-method status="PASS" signature="takePicture()[pri:0, instance:com.tanish.Automation@e45eb6]" name="takePicture" is-config="true" duration-ms="647" started-at="2019-09-29T19:49:22Z" finished-at="2019-09-29T19:49:22Z">
          <reporter-output>
          </reporter-output>
        </test-method> <!-- takePicture -->
        <test-method status="PASS" signature="login()[pri:1, instance:com.tanish.Automation@e45eb6]" name="login" duration-ms="24108" started-at="2019-09-29T19:49:22Z" finished-at="2019-09-29T19:49:46Z">
          <reporter-output>
          </reporter-output>
        </test-method> <!-- login -->
        <test-method status="PASS" signature="takePicture()[pri:0, instance:com.tanish.Automation@e45eb6]" name="takePicture" is-config="true" duration-ms="365" started-at="2019-09-29T19:49:46Z" finished-at="2019-09-29T19:49:47Z">
          <reporter-output>
          </reporter-output>
        </test-method> <!-- takePicture -->
        <test-method status="PASS" signature="mouseAction()[pri:2, instance:com.tanish.Automation@e45eb6]" name="mouseAction" duration-ms="182" started-at="2019-09-29T19:49:47Z" finished-at="2019-09-29T19:49:47Z">
          <reporter-output>
          </reporter-output>
        </test-method> <!-- mouseAction -->
        <test-method status="PASS" signature="takePicture()[pri:0, instance:com.tanish.Automation@e45eb6]" name="takePicture" is-config="true" duration-ms="539" started-at="2019-09-29T19:49:47Z" finished-at="2019-09-29T19:49:48Z">
          <reporter-output>
          </reporter-output>
        </test-method> <!-- takePicture -->
        <test-method status="PASS" signature="afterTest()[pri:0, instance:com.tanish.Automation@e45eb6]" name="afterTest" is-config="true" duration-ms="1468" started-at="2019-09-29T19:49:48Z" finished-at="2019-09-29T19:49:49Z">
          <reporter-output>
          </reporter-output>
        </test-method> <!-- afterTest -->
      </class> <!-- com.tanish.Automation -->
    </test> <!-- Default test -->
  </suite> <!-- Default suite -->
</testng-results>
